Starting Generation at 2026-02-09 08:00:19
No valid allocations found in DB. Generating sample (Round Robin).
Allocations count: 4
Periods/Day: 7
Processing Day: Monday
  -> Assigned Sec-19 / Sub-46 on Monday P1 (Theory)
  -> Assigned Sec-22 / Sub-46 on Monday P1 (Theory)
  -> Assigned Sec-18 / Sub-46 on Monday P1 (Theory)
  -> Assigned Sec-23 / Sub-46 on Monday P2 (Theory)
Processing Day: Tuesday
  -> Assigned Sec-19 / Sub-46 on Tuesday P1 (Theory)
  -> Assigned Sec-18 / Sub-46 on Tuesday P1 (Theory)
  -> Assigned Sec-23 / Sub-46 on Tuesday P1 (Theory)
  -> Assigned Sec-22 / Sub-46 on Tuesday P2 (Theory)
Processing Day: Wednesday
  -> Assigned Sec-23 / Sub-46 on Wednesday P1 (Theory)
  -> Assigned Sec-18 / Sub-46 on Wednesday P1 (Theory)
  -> Assigned Sec-22 / Sub-46 on Wednesday P2 (Theory)
  -> Assigned Sec-19 / Sub-46 on Wednesday P1 (Theory)
Processing Day: Thursday
  -> Assigned Sec-19 / Sub-46 on Thursday P1 (Theory)
  -> Assigned Sec-22 / Sub-46 on Thursday P1 (Theory)
  -> Assigned Sec-18 / Sub-46 on Thursday P1 (Theory)
  -> Assigned Sec-23 / Sub-46 on Thursday P2 (Theory)
Processing Day: Friday
Finished Generation. Total Assigned: 16
Running Final Validation Pass...
